<?xml version="1.0" encoding="UTF-8"?>
<!-- Generated by org.testng.reporters.JUnitXMLReporter -->
<testsuite ignored="0" hostname="Mosscow.local" failures="1" tests="5" name="RUN ON CHROME" time="128.645" errors="0" timestamp="07 Feb 2023 14:25:44 GMT">
  <testcase classname="com.nopcommerce.user.NopCommerce_Wishlist_Compare" name="TC_01_Add_To_Wishlist" time="8.359">
    <failure type="java.lang.AssertionError" message="expected [Wishlist of Teodoro Cherrie] but found [Wishlist of]">
      <![CDATA[java.lang.AssertionError: expected [Wishlist of Teodoro Cherrie] but found [Wishlist of]
at com.nopcommerce.user.NopCommerce_Wishlist_Compare.TC_01_Add_To_Wishlist(NopCommerce_Wishlist_Compare.java:137)
... Removed 35 stack frames]]>
    </failure>
  </testcase> <!-- TC_01_Add_To_Wishlist -->
  <testcase classname="com.nopcommerce.user.NopCommerce_Wishlist_Compare" name="TC_02_Add_Product_To_Cart" time="2.67"/>
  <testcase classname="com.nopcommerce.user.NopCommerce_Wishlist_Compare" name="TC_03_Remove_Product_In_Wishlist_Page" time="14.119"/>
  <testcase classname="com.nopcommerce.user.NopCommerce_Wishlist_Compare" name="TC_04_Add_Product_To_Compare" time="58.231"/>
  <testcase classname="com.nopcommerce.user.NopCommerce_Wishlist_Compare" name="TC_05_Recently_Viewed_Products" time="18.325"/>
</testsuite> <!-- RUN ON CHROME -->
