<?xml version="1.0" encoding="UTF-8"?>
<!-- Generated by org.testng.reporters.JUnitReportReporter -->
<testsuite hostname="Mosscow.local" failures="1" tests="5" name="com.nopcommerce.user.NopCommerce_Wishlist_Compare" time="101.704" errors="0" timestamp="07 Feb 2023 14:25:45 GMT" skipped="0">
  <testcase classname="com.nopcommerce.user.NopCommerce_Wishlist_Compare" name="TC_04_Add_Product_To_Compare" time="58.231"/>
  <testcase classname="com.nopcommerce.user.NopCommerce_Wishlist_Compare" name="TC_03_Remove_Product_In_Wishlist_Page" time="14.119"/>
  <testcase classname="com.nopcommerce.user.NopCommerce_Wishlist_Compare" name="TC_02_Add_Product_To_Cart" time="2.670"/>
  <testcase classname="com.nopcommerce.user.NopCommerce_Wishlist_Compare" name="TC_05_Recently_Viewed_Products" time="18.325"/>
  <testcase classname="com.nopcommerce.user.NopCommerce_Wishlist_Compare" name="TC_01_Add_To_Wishlist" time="8.359">
    <failure message="expected [Wishlist of Teodoro Cherrie] but found [Wishlist of]" type="java.lang.AssertionError">
      <![CDATA[java.lang.AssertionError: expected [Wishlist of Teodoro Cherrie] but found [Wishlist of]
at org.testng.Assert.fail(Assert.java:96)
at org.testng.Assert.failNotEquals(Assert.java:776)
at org.testng.Assert.assertEqualsImpl(Assert.java:137)
at org.testng.Assert.assertEquals(Assert.java:118)
at org.testng.Assert.assertEquals(Assert.java:453)
at org.testng.Assert.assertEquals(Assert.java:463)
at com.nopcommerce.user.NopCommerce_Wishlist_Compare.TC_01_Add_To_Wishlist(NopCommerce_Wishlist_Compare.java:137)
at java.base/jdk.internal.reflect.NativeMethodAccessorImpl.invoke0(Native Method)
at java.base/jdk.internal.reflect.NativeMethodAccessorImpl.invoke(NativeMethodAccessorImpl.java:62)
at java.base/jdk.internal.reflect.DelegatingMethodAccessorImpl.invoke(DelegatingMethodAccessorImpl.java:43)
at java.base/java.lang.reflect.Method.invoke(Method.java:566)
at org.testng.internal.MethodInvocationHelper.invokeMethod(MethodInvocationHelper.java:124)
at org.testng.internal.Invoker.invokeMethod(Invoker.java:583)
at org.testng.internal.Invoker.invokeTestMethod(Invoker.java:719)
at org.testng.internal.Invoker.invokeTestMethods(Invoker.java:989)
at org.testng.internal.TestMethodWorker.invokeTestMethods(TestMethodWorker.java:125)
at org.testng.internal.TestMethodWorker.run(TestMethodWorker.java:109)
at org.testng.TestRunner.privateRun(TestRunner.java:648)
at org.testng.TestRunner.run(TestRunner.java:505)
at org.testng.SuiteRunner.runTest(SuiteRunner.java:455)
at org.testng.SuiteRunner.runSequentially(SuiteRunner.java:450)
at org.testng.SuiteRunner.privateRun(SuiteRunner.java:415)
at org.testng.SuiteRunner.run(SuiteRunner.java:364)
at org.testng.SuiteRunnerWorker.runSuite(SuiteRunnerWorker.java:52)
at org.testng.SuiteRunnerWorker.run(SuiteRunnerWorker.java:84)
at org.testng.TestNG.runSuitesSequentially(TestNG.java:1208)
at org.testng.TestNG.runSuitesLocally(TestNG.java:1137)
at org.testng.TestNG.runSuites(TestNG.java:1049)
at org.testng.TestNG.run(TestNG.java:1017)
at org.apache.maven.surefire.testng.TestNGExecutor.run(TestNGExecutor.java:283)
at org.apache.maven.surefire.testng.TestNGXmlTestSuite.execute(TestNGXmlTestSuite.java:75)
at org.apache.maven.surefire.testng.TestNGProvider.invoke(TestNGProvider.java:120)
at org.apache.maven.surefire.booter.ForkedBooter.invokeProviderInSameClassLoader(ForkedBooter.java:384)
at org.apache.maven.surefire.booter.ForkedBooter.runSuitesInProcess(ForkedBooter.java:345)
at org.apache.maven.surefire.booter.ForkedBooter.execute(ForkedBooter.java:126)
at org.apache.maven.surefire.booter.ForkedBooter.main(ForkedBooter.java:418)
]]>
    </failure>
  </testcase> <!-- TC_01_Add_To_Wishlist -->
</testsuite> <!-- com.nopcommerce.user.NopCommerce_Wishlist_Compare -->
